09:19:57.865 INFO  Server started on port 3210 
09:20:25.014 INFO  Server started on port 3210 
09:22:20.193 INFO  User login failed. 
09:25:50.886 INFO  get courses 200 
09:26:00.579 INFO  get courses 200 
09:36:48.068 INFO  get coursesoverview 200 
09:36:48.292 INFO  Get Course Information 
09:36:48.294 INFO  Get Features Information 
09:36:48.296 INFO  Get Delete Command 
09:36:52.048 INFO  get courses 200 
09:37:02.776 INFO  get coursesoverview 200 
09:37:02.916 INFO  Get Course Information 
09:37:02.916 INFO  Get Features Information 
09:37:02.918 INFO  Get Delete Command 
09:37:09.592 INFO  get courses 200 
09:37:39.066 INFO  get coursesoverview 200 
09:37:39.299 INFO  Get Course Information 
09:37:39.302 INFO  Get Features Information 
09:37:39.324 INFO  Get Delete Command 
09:38:21.369 INFO  get courses 200 
09:38:23.711 INFO  get coursesoverview 200 
09:38:23.856 INFO  Get Course Information 
09:38:23.858 INFO  Get Features Information 
09:38:23.860 INFO  Get Delete Command 
09:38:46.765 INFO  get courses 200 
09:41:01.525 INFO  get courses 200 
09:41:08.224 INFO  get coursesoverview 200 
09:41:08.455 INFO  Get Course Information 
09:41:08.462 INFO  Get Features Information 
09:41:08.464 INFO  Get Delete Command 
09:41:29.079 INFO  get coursesoverview 200 
09:41:29.224 INFO  Get Course Information 
09:41:29.226 INFO  Get Features Information 
09:41:29.229 INFO  Get Delete Command 
09:41:33.720 INFO  get courses 200 
09:43:37.883 INFO  get courses 200 
