09:16:45.469 INFO  Server started on port 3210 
09:17:10.114 INFO  /route/course: GET /course 
09:17:10.609 INFO  /route/course: get course list data 
09:17:12.238 INFO  /route/course: GET /course/coursesoverview/:id 
09:17:12.659 INFO  /route/course: Get Course Information 
09:17:12.660 INFO  /route/course: get feature data 
09:17:12.661 INFO  /route/course: Delete course 
09:17:15.945 INFO  /route/course: GET /course/coursesoverview/:id 
09:17:16.324 INFO  /route/course: Get Course Information 
09:17:16.333 INFO  /route/course: get feature data 
09:17:16.334 INFO  /route/course: Delete course 
09:17:29.271 INFO  /route/course: GET /course 
09:17:29.614 INFO  /route/course: get course list data 
09:17:56.922 INFO  /route/course: GET /course/coursesoverview/:id 
09:17:57.347 INFO  /route/course: Get Course Information 
09:17:57.368 INFO  /route/course: get feature data 
09:17:57.372 INFO  /route/course: Delete course 
09:19:57.409 INFO  /route/course: Delete course 
09:24:58.456 INFO  Server started on port 3210 
09:27:25.231 INFO  /route/course: GET /course 
09:27:25.926 INFO  /route/course: get course list data 
09:27:29.143 INFO  /route/course: GET /course/coursesoverview/:id 
09:27:29.598 INFO  /route/course: Get Course Information 
09:27:29.609 INFO  /route/course: get feature data 
09:27:29.616 INFO  /route/course: Delete course 
09:29:29.615 INFO  /route/course: Delete course 
09:31:29.625 INFO  /route/course: Delete course 
10:02:54.614 INFO  Server started on port 3210 
10:03:03.906 INFO  /route/course: GET /course 
10:03:04.277 INFO  /route/course: get course list data 
10:03:07.111 INFO  /route/course: GET /course/coursesoverview/:id 
10:03:07.473 INFO  /route/course: Get Course Information 
10:03:07.486 INFO  /route/course: get feature data 
10:03:07.488 INFO  /route/course: Delete course 
10:05:07.495 INFO  /route/course: Delete course 
10:06:02.672 INFO  Server started on port 3210 
10:06:07.354 INFO  /route/course: GET /course/coursesoverview/:id 
10:06:08.492 INFO  /route/course: Get Course Information 
10:06:08.510 INFO  /route/course: get feature data 
10:06:08.510 INFO  /route/course: Delete course 
10:06:11.433 INFO  /route/course: GET /course/coursesoverview 
10:06:15.339 INFO  /route/course: Get Course Information 
10:06:15.344 INFO  /route/course: get feature data 
10:06:15.350 INFO  /route/course: Delete course 
10:08:15.358 INFO  /route/course: Delete course 
